#
# There is insufficient memory for the Java Runtime Environment to continue.
# Native memory allocation (malloc) failed to allocate 1903136 bytes for Chunk::new
# Possible reasons:
#   The system is out of physical RAM or swap space
#   In 32 bit mode, the process size limit was hit
# Possible solutions:
#   Reduce memory load on the system
#   Increase physical memory or swap space
#   Check if swap backing store is full
#   Use 64 bit Java on a 64 bit OS
#   Decrease Java heap size (-Xmx/-Xms)
#   Decrease number of Java threads
#   Decrease Java thread stack sizes (-Xss)
#   Set larger code cache with -XX:ReservedCodeCacheSize=
# This output file may be truncated or incomplete.
#
#  Out of Memory Error (allocation.cpp:390), pid=15960, tid=6700
#
# JRE version: Java(TM) SE Runtime Environment (8.0_66-b18) (build 1.8.0_66-b18)
# Java VM: Java HotSpot(TM) 64-Bit Server VM (25.66-b18 mixed mode windows-amd64 compressed oops)
# Failed to write core dump. Minidumps are not enabled by default on client versions of Windows
#

---------------  T H R E A D  ---------------

Current thread (0x0000000016440800):  JavaThread "C2 CompilerThread1" daemon [_thread_in_native, id=6700, stack(0x0000000016840000,0x0000000016940000)]

Stack: [0x0000000016840000,0x0000000016940000]
[error occurred during error reporting (printing stack bounds), id 0xc0000005]

Native frames: (J=compiled Java code, j=interpreted, Vv=VM code, C=native code)


Current CompileTask:
C2:   8378 2419   !   4       com.android.dx.cf.code.Ropper::processBlock (1101 bytes)


---------------  P R O C E S S  ---------------

Java Threads: ( => current thread )
  0x00000000166fe000 JavaThread "pool-2-thread-4" [_thread_in_Java, id=12608, stack(0x0000000017040000,0x0000000017140000)]
  0x00000000166fc800 JavaThread "pool-2-thread-3" [_thread_blocked, id=14240, stack(0x0000000016f40000,0x0000000017040000)]
  0x00000000166b7000 JavaThread "pool-2-thread-2" [_thread_blocked, id=14356, stack(0x0000000016e40000,0x0000000016f40000)]
  0x00000000166a9000 JavaThread "pool-3-thread-1" [_thread_blocked, id=7016, stack(0x0000000016d40000,0x0000000016e40000)]
  0x00000000166a6800 JavaThread "pool-2-thread-1" [_thread_in_Java, id=2208, stack(0x0000000016c40000,0x0000000016d40000)]
  0x00000000164a2800 JavaThread "Service Thread" daemon [_thread_blocked, id=10600, stack(0x0000000016a40000,0x0000000016b40000)]
  0x000000001649c800 JavaThread "C1 CompilerThread2" daemon [_thread_blocked, id=8992, stack(0x0000000016940000,0x0000000016a40000)]
=>0x0000000016440800 JavaThread "C2 CompilerThread1" daemon [_thread_in_native, id=6700, stack(0x0000000016840000,0x0000000016940000)]
  0x0000000014e4b800 JavaThread "C2 CompilerThread0" daemon [_thread_in_native, id=1524, stack(0x0000000016340000,0x0000000016440000)]
  0x0000000014e4a000 JavaThread "Attach Listener" daemon [_thread_blocked, id=8936, stack(0x0000000016240000,0x0000000016340000)]
  0x0000000014dff800 JavaThread "Signal Dispatcher" daemon [_thread_blocked, id=12852, stack(0x0000000016140000,0x0000000016240000)]
  0x0000000002716000 JavaThread "Finalizer" daemon [_thread_blocked, id=4568, stack(0x0000000016040000,0x0000000016140000)]
  0x000000000270d000 JavaThread "Reference Handler" daemon [_thread_blocked, id=11676, stack(0x0000000015f40000,0x0000000016040000)]
  0x000000000091d800 JavaThread "main" [_thread_in_vm, id=9796, stack(0x0000000002150000,0x0000000002250000)]

Other Threads:
  0x0000000014db8000 VMThread [stack: 0x0000000015e40000,0x0000000015f40000] [id=11388]
  0x000000001650b800 WatcherThread [stack: 0x0000000016b40000,0x0000000016c40000] [id=8568]

VM state:not at safepoint (normal execution)

VM Mutex/Monitor currently owned by a thread: None

Heap:
 PSYoungGen      total 280064K, used 128051K [0x00000000eab00000, 0x0000000100000000, 0x0000000100000000)
  eden space 210944K, 27% used [0x00000000eab00000,0x00000000ee492d68,0x00000000f7900000)
  from space 69120K, 99% used [0x00000000f7900000,0x00000000fbc7a008,0x00000000fbc80000)
  to   space 69120K, 0% used [0x00000000fbc80000,0x00000000fbc80000,0x0000000100000000)
 ParOldGen       total 177152K, used 111580K [0x00000000c0000000, 0x00000000cad00000, 0x00000000eab00000)
  object space 177152K, 62% used [0x00000000c0000000,0x00000000c6cf71b8,0x00000000cad00000)
 Metaspace       used 6525K, capacity 7320K, committed 7680K, reserved 1056768K
  class space    used 620K, capacity 656K, committed 768K, reserved 1048576K

Card table byte_map: [0x0000000011ae0000,0x0000000011cf0000] byte_map_base: 0x00000000114e0000

Marking Bits: (ParMarkBitMap*) 0x0000000068a2a5b0
 Begin Bits: [0x0000000012250000, 0x0000000013250000)
 End Bits:   [0x0000000013250000, 0x0000000014250000)

Polling page: 0x0000000000510000

CodeCache: size=245760Kb used=11634Kb max_used=11660Kb free=234125Kb
 bounds [0x0000000002720000, 0x0000000003290000, 0x0000000011720000]
 total_blobs=2647 nmethods=2374 adapters=185
 compilation: enabled

Compilation events (10 events):
Event: 8.205 Thread 0x000000001649c800 2429       2       com.android.dx.ssa.back.FirstFitLocalCombiningAllocator::addMapping (76 bytes)
Event: 8.206 Thread 0x000000001649c800 nmethod 2429 0x000000000326d950 code [0x000000000326db60, 0x000000000326e0d8]
Event: 8.207 Thread 0x000000001649c800 2430       2       java.util.BitSet::set (124 bytes)
Event: 8.207 Thread 0x000000001649c800 nmethod 2430 0x000000000323ce90 code [0x000000000323d020, 0x000000000323d3a8]
Event: 8.209 Thread 0x000000001649c800 2431       2       com.android.dx.rop.code.Rops::opDiv (29 bytes)
Event: 8.210 Thread 0x000000001649c800 nmethod 2431 0x0000000003238ed0 code [0x0000000003239040, 0x00000000032391e8]
Event: 8.237 Thread 0x000000001649c800 2433       2       com.android.dx.rop.code.RegisterSpecList::make (23 bytes)
Event: 8.237 Thread 0x000000001649c800 nmethod 2433 0x000000000326c910 code [0x000000000326cae0, 0x000000000326d128]
Event: 8.342 Thread 0x0000000014e4b800 nmethod 2398 0x000000000327b7d0 code [0x000000000327bf60, 0x0000000003282590]
Event: 8.343 Thread 0x0000000014e4b800 2425       4       com.android.dx.ssa.back.FirstFitLocalCombiningAllocator::handleLocalAssociatedOther (151 bytes)

GC Heap History (10 events):
Event: 3.332 GC heap before
{Heap before GC invocations=6 (full 0):
 PSYoungGen      total 138240K, used 138221K [0x00000000eab00000, 0x00000000fe200000, 0x0000000100000000)
  eden space 133120K, 100% used [0x00000000eab00000,0x00000000f2d00000,0x00000000f2d00000)
  from space 5120K, 99% used [0x00000000f2d00000,0x00000000f31fb6e0,0x00000000f3200000)
  to   space 26112K, 0% used [0x00000000fc880000,0x00000000fc880000,0x00000000fe200000)
 ParOldGen       total 87552K, used 48033K [0x00000000c0000000, 0x00000000c5580000, 0x00000000eab00000)
  object space 87552K, 54% used [0x00000000c0000000,0x00000000c2ee8540,0x00000000c5580000)
 Metaspace       used 6499K, capacity 7256K, committed 7424K, reserved 1056768K
  class space    used 618K, capacity 656K, committed 768K, reserved 1048576K
Event: 3.399 GC heap after
Heap after GC invocations=6 (full 0):
 PSYoungGen      total 287232K, used 26095K [0x00000000eab00000, 0x00000000fec00000, 0x0000000100000000)
  eden space 261120K, 0% used [0x00000000eab00000,0x00000000eab00000,0x00000000faa00000)
  from space 26112K, 99% used [0x00000000fc880000,0x00000000fe1fbd48,0x00000000fe200000)
  to   space 31232K, 0% used [0x00000000faa00000,0x00000000faa00000,0x00000000fc880000)
 ParOldGen       total 87552K, used 49324K [0x00000000c0000000, 0x00000000c5580000, 0x00000000eab00000)
  object space 87552K, 56% used [0x00000000c0000000,0x00000000c302b340,0x00000000c5580000)
 Metaspace       used 6499K, capacity 7256K, committed 7424K, reserved 1056768K
  class space    used 618K, capacity 656K, committed 768K, reserved 1048576K
}
Event: 4.607 GC heap before
{Heap before GC invocations=7 (full 0):
 PSYoungGen      total 287232K, used 287215K [0x00000000eab00000, 0x00000000fec00000, 0x0000000100000000)
  eden space 261120K, 100% used [0x00000000eab00000,0x00000000faa00000,0x00000000faa00000)
  from space 26112K, 99% used [0x00000000fc880000,0x00000000fe1fbd48,0x00000000fe200000)
  to   space 31232K, 0% used [0x00000000faa00000,0x00000000faa00000,0x00000000fc880000)
 ParOldGen       total 87552K, used 49324K [0x00000000c0000000, 0x00000000c5580000, 0x00000000eab00000)
  object space 87552K, 56% used [0x00000000c0000000,0x00000000c302b340,0x00000000c5580000)
 Metaspace       used 6504K, capacity 7256K, committed 7424K, reserved 1056768K
  class space    used 619K, capacity 656K, committed 768K, reserved 1048576K
Event: 4.781 GC heap after
Heap after GC invocations=7 (full 0):
 PSYoungGen      total 292352K, used 31205K [0x00000000eab00000, 0x0000000100000000, 0x0000000100000000)
  eden space 261120K, 0% used [0x00000000eab00000,0x00000000eab00000,0x00000000faa00000)
  from space 31232K, 99% used [0x00000000faa00000,0x00000000fc8795b0,0x00000000fc880000)
  to   space 55808K, 0% used [0x00000000fc980000,0x00000000fc980000,0x0000000100000000)
 ParOldGen       total 87552K, used 87385K [0x00000000c0000000, 0x00000000c5580000, 0x00000000eab00000)
  object space 87552K, 99% used [0x00000000c0000000,0x00000000c5556670,0x00000000c5580000)
 Metaspace       used 6504K, capacity 7256K, committed 7424K, reserved 1056768K
  class space    used 619K, capacity 656K, committed 768K, reserved 1048576K
}
Event: 4.781 GC heap before
{Heap before GC invocations=8 (full 1):
 PSYoungGen      total 292352K, used 31205K [0x00000000eab00000, 0x0000000100000000, 0x0000000100000000)
  eden space 261120K, 0% used [0x00000000eab00000,0x00000000eab00000,0x00000000faa00000)
  from space 31232K, 99% used [0x00000000faa00000,0x00000000fc8795b0,0x00000000fc880000)
  to   space 55808K, 0% used [0x00000000fc980000,0x00000000fc980000,0x0000000100000000)
 ParOldGen       total 87552K, used 87385K [0x00000000c0000000, 0x00000000c5580000, 0x00000000eab00000)
  object space 87552K, 99% used [0x00000000c0000000,0x00000000c5556670,0x00000000c5580000)
 Metaspace       used 6504K, capacity 7256K, committed 7424K, reserved 1056768K
  class space    used 619K, capacity 656K, committed 768K, reserved 1048576K
Event: 5.662 GC heap after
Heap after GC invocations=8 (full 1):
 PSYoungGen      total 292352K, used 25515K [0x00000000eab00000, 0x0000000100000000, 0x0000000100000000)
  eden space 261120K, 0% used [0x00000000eab00000,0x00000000eab00000,0x00000000faa00000)
  from space 31232K, 81% used [0x00000000faa00000,0x00000000fc2ead60,0x00000000fc880000)
  to   space 55808K, 0% used [0x00000000fc980000,0x00000000fc980000,0x0000000100000000)
 ParOldGen       total 177152K, used 87476K [0x00000000c0000000, 0x00000000cad00000, 0x00000000eab00000)
  object space 177152K, 49% used [0x00000000c0000000,0x00000000c556d140,0x00000000cad00000)
 Metaspace       used 6504K, capacity 7256K, committed 7424K, reserved 1056768K
  class space    used 619K, capacity 656K, committed 768K, reserved 1048576K
}
Event: 6.672 GC heap before
{Heap before GC invocations=9 (full 1):
 PSYoungGen      total 292352K, used 286635K [0x00000000eab00000, 0x0000000100000000, 0x0000000100000000)
  eden space 261120K, 100% used [0x00000000eab00000,0x00000000faa00000,0x00000000faa00000)
  from space 31232K, 81% used [0x00000000faa00000,0x00000000fc2ead60,0x00000000fc880000)
  to   space 55808K, 0% used [0x00000000fc980000,0x00000000fc980000,0x0000000100000000)
 ParOldGen       total 177152K, used 87476K [0x00000000c0000000, 0x00000000cad00000, 0x00000000eab00000)
  object space 177152K, 49% used [0x00000000c0000000,0x00000000c556d140,0x00000000cad00000)
 Metaspace       used 6510K, capacity 7320K, committed 7680K, reserved 1056768K
  class space    used 619K, capacity 656K, committed 768K, reserved 1048576K
Event: 6.848 GC heap after
Heap after GC invocations=9 (full 1):
 PSYoungGen      total 266752K, used 55779K [0x00000000eab00000, 0x0000000100000000, 0x0000000100000000)
  eden space 210944K, 0% used [0x00000000eab00000,0x00000000eab00000,0x00000000f7900000)
  from space 55808K, 99% used [0x00000000fc980000,0x00000000ffff8e48,0x0000000100000000)
  to   space 69120K, 0% used [0x00000000f7900000,0x00000000f7900000,0x00000000fbc80000)
 ParOldGen       total 177152K, used 95216K [0x00000000c0000000, 0x00000000cad00000, 0x00000000eab00000)
  object space 177152K, 53% used [0x00000000c0000000,0x00000000c5cfc128,0x00000000cad00000)
 Metaspace       used 6510K, capacity 7320K, committed 7680K, reserved 1056768K
  class space    used 619K, capacity 656K, committed 768K, reserved 1048576K
}
Event: 8.010 GC heap before
{Heap before GC invocations=10 (full 1):
 PSYoungGen      total 266752K, used 266723K [0x00000000eab00000, 0x0000000100000000, 0x0000000100000000)
  eden space 210944K, 100% used [0x00000000eab00000,0x00000000f7900000,0x00000000f7900000)
  from space 55808K, 99% used [0x00000000fc980000,0x00000000ffff8e48,0x0000000100000000)
  to   space 69120K, 0% used [0x00000000f7900000,0x00000000f7900000,0x00000000fbc80000)
 ParOldGen       total 177152K, used 95216K [0x00000000c0000000, 0x00000000cad00000, 0x00000000eab00000)
  object space 177152K, 53% used [0x00000000c0000000,0x00000000c5cfc128,0x00000000cad00000)
 Metaspace       used 6525K, capacity 7320K, committed 7680K, reserved 1056768K
  class space    used 620K, capacity 656K, committed 768K, reserved 1048576K
Event: 8.186 GC heap after
Heap after GC invocations=10 (full 1):
 PSYoungGen      total 280064K, used 69096K [0x00000000eab00000, 0x0000000100000000, 0x0000000100000000)
  eden space 210944K, 0% used [0x00000000eab00000,0x00000000eab00000,0x00000000f7900000)
  from space 69120K, 99% used [0x00000000f7900000,0x00000000fbc7a008,0x00000000fbc80000)
  to   space 69120K, 0% used [0x00000000fbc80000,0x00000000fbc80000,0x0000000100000000)
 ParOldGen       total 177152K, used 111580K [0x00000000c0000000, 0x00000000cad00000, 0x00000000eab00000)
  object space 177152K, 62% used [0x00000000c0000000,0x00000000c6cf71b8,0x00000000cad00000)
 Metaspace       used 6525K, capacity 7320K, committed 7680K, reserved 1056768K
  class space    used 620K, capacity 656K, committed 768K, reserved 1048576K
}

Deoptimization events (10 events):
Event: 6.517 Thread 0x000000000091d800 Uncommon trap: reason=unstable_if action=reinterpret pc=0x0000000002f8d1f4 method=com.android.dx.ssa.SsaBasicBlock.scheduleMovesFromPhis()V @ 63
Event: 6.529 Thread 0x000000000091d800 Uncommon trap: reason=unstable_if action=reinterpret pc=0x0000000002f4fc1c method=com.android.dx.ssa.SCCP.simulateBranch(Lcom/android/dx/ssa/SsaInsn;)V @ 548
Event: 6.530 Thread 0x000000000091d800 Uncommon trap: reason=unstable_if action=reinterpret pc=0x000000000301efd8 method=com.android.dx.ssa.SCCP.run()V @ 179
Event: 6.532 Thread 0x000000000091d800 Uncommon trap: reason=unstable_if action=reinterpret pc=0x000000000301489c method=java.util.HashMap.putVal(ILjava/lang/Object;Ljava/lang/Object;ZZ)Ljava/lang/Object; @ 94
Event: 7.941 Thread 0x00000000166b7000 Uncommon trap: reason=unstable_if action=reinterpret pc=0x0000000002ffd4dc method=com.android.dx.rop.code.BasicBlockList.preferredSuccessorOf(Lcom/android/dx/rop/code/BasicBlock;)Lcom/android/dx/rop/code/BasicBlock; @ 58
Event: 7.990 Thread 0x00000000166b7000 Uncommon trap: reason=unstable_if action=reinterpret pc=0x000000000315faf4 method=com.android.dx.rop.code.BasicBlockList.preferredSuccessorOf(Lcom/android/dx/rop/code/BasicBlock;)Lcom/android/dx/rop/code/BasicBlock; @ 58
Event: 8.201 Thread 0x00000000166a6800 Uncommon trap: reason=unstable_if action=reinterpret pc=0x0000000003167544 method=java.util.BitSet.nextClearBit(I)I @ 70
Event: 8.204 Thread 0x00000000166a6800 Uncommon trap: reason=unstable_if action=reinterpret pc=0x0000000002f9d8ac method=java.util.BitSet.set(II)V @ 48
Event: 8.204 Thread 0x00000000166a6800 Uncommon trap: reason=unstable_if action=reinterpret pc=0x000000000315c248 method=java.util.BitSet.set(II)V @ 48
Event: 8.207 Thread 0x00000000166a6800 Uncommon trap: reason=unstable_if action=reinterpret pc=0x000000000316bdd8 method=java.util.BitSet.set(II)V @ 48

Internal exceptions (6 events):
Event: 0.062 Thread 0x000000000091d800 Exception <a 'java/lang/NoSuchMethodError': Method sun.misc.Unsafe.defineClass(Ljava/lang/String;[BII)Ljava/lang/Class; name or signature does not match> (0x00000000eab13088) thrown at [C:\re\workspace\8-2-build-windows-amd64-cygwin\jdk8u66\5298\hotspot\srç∏ºI»ÏØ?
Event: 0.062 Thread 0x000000000091d800 Exception <a 'java/lang/NoSuchMethodError': Method sun.misc.Unsafe.prefetchRead(Ljava/lang/Object;J)V name or signature does not match> (0x00000000eab13370) thrown at [C:\re\workspace\8-2-build-windows-amd64-cygwin\jdk8u66\5298\hotspot\src\share\vm\prims\jrÌu33Ë?
Event: 0.756 Thread 0x00000000166a6800 Implicit null exception at 0x00000000029c7222 to 0x00000000029c731a
Event: 1.115 Thread 0x00000000166b7000 Exception <a 'java/lang/ArrayIndexOutOfBoundsException': 18> (0x00000000eba0c2e8) thrown at [C:\re\workspace\8-2-build-windows-amd64-cygwin\jdk8u66\5298\hotspot\src\share\vm\interpreter\interpreterRuntime.cpp, line 366]
Event: 1.115 Thread 0x00000000166b7000 Exception <a 'java/lang/ArrayIndexOutOfBoundsException'> (0x00000000eba0de68) thrown at [C:\re\workspace\8-2-build-windows-amd64-cygwin\jdk8u66\5298\hotspot\src\share\vm\runtime\sharedRuntime.cpp, line 605]
Event: 1.115 Thread 0x00000000166b7000 Exception <a 'java/lang/ArrayIndexOutOfBoundsException'> (0x00000000eba0f150) thrown at [C:\re\workspace\8-2-build-windows-amd64-cygwin\jdk8u66\5298\hotspot\src\share\vm\runtime\sharedRuntime.cpp, line 605]

Events (10 events):
Event: 8.204 Thread 0x00000000166a6800 DEOPT PACKING pc=0x0000000002f9d8ac sp=0x0000000016d3e6e0
Event: 8.204 Thread 0x00000000166a6800 DEOPT UNPACKING pc=0x000000000276582a sp=0x0000000016d3e648 mode 2
Event: 8.204 Thread 0x00000000166a6800 Uncommon trap: trap_request=0xffffff65 fr.pc=0x000000000315c248
Event: 8.204 Thread 0x00000000166a6800 DEOPT PACKING pc=0x000000000315c248 sp=0x0000000016d3e7a0
Event: 8.204 Thread 0x00000000166a6800 DEOPT UNPACKING pc=0x000000000276582a sp=0x0000000016d3e610 mode 2
Event: 8.207 Thread 0x00000000166a6800 Uncommon trap: trap_request=0xffffff65 fr.pc=0x000000000316bdd8
Event: 8.207 Thread 0x00000000166a6800 DEOPT PACKING pc=0x000000000316bdd8 sp=0x0000000016d3e440
Event: 8.207 Thread 0x00000000166a6800 DEOPT UNPACKING pc=0x000000000276582a sp=0x0000000016d3e3f0 mode 2
Event: 8.232 Thread 0x000000000091d800 DEOPT PACKING pc=0x000000000283d2c6 sp=0x000000000224f1c0
Event: 8.232 Thread 0x000000000091d800 DEOPT UNPACKING pc=0x000000000276787f sp=0x000000000224ee88 mode 0


Dynamic libraries:
0x00007ff623190000 - 0x00007ff6231c7000 	D:\soft\JKD8\bin\java.exe
0x00007fff76200000 - 0x00007fff763db000 	C:\WINDOWS\SYSTEM32\ntdll.dll
0x00007fff75f80000 - 0x00007fff7602e000 	C:\WINDOWS\System32\KERNEL32.DLL
0x00007fff73260000 - 0x00007fff734a9000 	C:\WINDOWS\System32\KERNELBASE.dll
0x00007fff73c20000 - 0x00007fff73cc1000 	C:\WINDOWS\System32\ADVAPI32.dll
0x00007fff75e10000 - 0x00007fff75ead000 	C:\WINDOWS\System32\msvcrt.dll
0x00007fff73df0000 - 0x00007fff73e49000 	C:\WINDOWS\System32\sechost.dll
0x00007fff73a50000 - 0x00007fff73b75000 	C:\WINDOWS\System32\RPCRT4.dll
0x00007fff754e0000 - 0x00007fff7562a000 	C:\WINDOWS\System32\USER32.dll
0x00007fff734b0000 - 0x00007fff734ce000 	C:\WINDOWS\System32\win32u.dll
0x00007fff761d0000 - 0x00007fff761f7000 	C:\WINDOWS\System32\GDI32.dll
0x00007fff73570000 - 0x00007fff736f8000 	C:\WINDOWS\System32\gdi32full.dll
0x00007fff734d0000 - 0x00007fff7356a000 	C:\WINDOWS\System32\msvcp_win.dll
0x00007fff727e0000 - 0x00007fff728d6000 	C:\WINDOWS\System32\ucrtbase.dll
0x00007fff664a0000 - 0x00007fff66707000 	C:\WINDOWS\WinSxS\amd64_microsoft.windows.common-controls_6595b64144ccf1df_6.0.15063.483_none_26002d27e7c744a2\COMCTL32.dll
0x00007fff756d0000 - 0x00007fff759c9000 	C:\WINDOWS\System32\combase.dll
0x00007fff72770000 - 0x00007fff727da000 	C:\WINDOWS\System32\bcryptPrimitives.dll
0x00007fff73bf0000 - 0x00007fff73c1d000 	C:\WINDOWS\System32\IMM32.DLL
0x0000000068ab0000 - 0x0000000068b82000 	D:\soft\JKD8\jre\bin\msvcr100.dll
0x0000000068220000 - 0x0000000068aa9000 	D:\soft\JKD8\jre\bin\server\jvm.dll
0x00007fff73cd0000 - 0x00007fff73cd8000 	C:\WINDOWS\System32\PSAPI.DLL
0x00007fff66750000 - 0x00007fff66759000 	C:\WINDOWS\SYSTEM32\WSOCK32.dll
0x00007fff738d0000 - 0x00007fff7393c000 	C:\WINDOWS\System32\WS2_32.dll
0x00007fff70b30000 - 0x00007fff70b53000 	C:\WINDOWS\SYSTEM32\WINMM.dll
0x00007fff5fdc0000 - 0x00007fff5fdca000 	C:\WINDOWS\SYSTEM32\VERSION.dll
0x00007fff70b00000 - 0x00007fff70b2b000 	C:\WINDOWS\SYSTEM32\WINMMBASE.dll
0x00007fff72720000 - 0x00007fff72769000 	C:\WINDOWS\System32\cfgmgr32.dll
0x0000000068210000 - 0x000000006821f000 	D:\soft\JKD8\jre\bin\verify.dll
0x00000000681e0000 - 0x0000000068209000 	D:\soft\JKD8\jre\bin\java.dll
0x00000000681c0000 - 0x00000000681d6000 	D:\soft\JKD8\jre\bin\zip.dll
0x00007fff73fa0000 - 0x00007fff753d7000 	C:\WINDOWS\System32\SHELL32.dll
0x00007fff73ce0000 - 0x00007fff73d8a000 	C:\WINDOWS\System32\shcore.dll
0x00007fff72b60000 - 0x00007fff73252000 	C:\WINDOWS\System32\windows.storage.dll
0x00007fff75480000 - 0x00007fff754d1000 	C:\WINDOWS\System32\shlwapi.dll
0x00007fff72670000 - 0x00007fff72681000 	C:\WINDOWS\System32\kernel.appcore.dll
0x00007fff726d0000 - 0x00007fff7271c000 	C:\WINDOWS\System32\powrprof.dll
0x00007fff72690000 - 0x00007fff726a5000 	C:\WINDOWS\System32\profapi.dll

VM Arguments:
jvm_args: -Djava.awt.headless=true -Xmx1024M -Dfile.encoding=GBK -Duser.country=CN -Duser.language=zh -Duser.variant 
java_command: com.android.dx.command.Main --dex --num-threads=4 --multi-dex --main-dex-list E:\work\baocailang\qianduan\android\app\build\intermediates\multi-dex\debug\maindexlist.txt --output E:\work\baocailang\qianduan\android\app\build\intermediates\transforms\dex\debug\folders\1000\1f\main E:\work\baocailang\qianduan\android\app\build\intermediates\transforms\jarMerging\debug\jars\1\1f\combined.jar
java_class_path (initial): D:\soft\Sdk\build-tools\23.0.1\lib\dx.jar
Launcher Type: SUN_STANDARD

Environment Variables:
JAVA_HOME=D:\soft\JKD8
CLASSPATH=E:\work\baocailang\qianduan\android\\gradle\wrapper\gradle-wrapper.jar
PATH=C:\WINDOWS\system32;C:\WINDOWS;C:\WINDOWS\System32\Wbem;C:\WINDOWS\System32\WindowsPowerShell\v1.0\;%USERPROFILE%\.dnx\bin;C:\Program Files\Microsoft DNX\Dnvm\;C:\Program Files\Microsoft SQL Server\120\Tools\Binn\;C:\Program Files\Microsoft SQL Server\130\Tools\Binn\;C:\Program Files\Git\cmd;C:\Program Files (x86)\Windows Kits\10\Windows Performance Toolkit\;D:\soft\node.js\;D:\soft\Sdk;D:\soft\Sdk\platform-tools;D:\soft\Sdk\tools;C:\ProgramData\chocolatey\bin;D:\soft\JKD8\bin;D:\soft\JKD8\jre\bin;C:\Users\Administrator\AppData\Local\Microsoft\WindowsApps;C:\Users\Administrator\AppData\Roaming\npm
USERNAME=Administrator
OS=Windows_NT
PROCESSOR_IDENTIFIER=Intel64 Family 6 Model 60 Stepping 3, GenuineIntel



---------------  S Y S T E M  ---------------

OS: Windows 10.0 , 64 bit Build 15063 (10.0.15063.296)

CPU:total 4 (4 cores per cpu, 1 threads per core) family 6 model 60 stepping 3, cmov, cx8, fxsr, mmx, sse, sse2, sse3, ssse3, sse4.1, sse4.2, popcnt, avx, avx2, aes, clmul, erms, lzcnt, tsc, tscinvbit, bmi1, bmi2

Memory: 4k page, physical 8286352k(467336k free), swap 10383504k(15024k free)

vm_info: Java HotSpot(TM) 64-Bit Server VM (25.66-b18) for windows-amd64 JRE (1.8.0_66-b18), built on Nov  9 2015 10:51:13 by "java_re" with MS VC++ 10.0 (VS2010)

time: Sat Aug 05 14:52:00 2017
elapsed time: 8 seconds (0d 0h 0m 8s)

